0 info it worked if it ends with ok
1 verbose cli [ '/usr/bin/nodejs', '/usr/bin/npm', 'start' ]
2 info using npm@3.10.10
3 info using node@v6.11.0
4 verbose run-script [ 'prestart', 'start', 'poststart' ]
5 info lifecycle TaxiApp@0.0.1~prestart: TaxiApp@0.0.1
6 silly lifecycle TaxiApp@0.0.1~prestart: no script for prestart, continuing
7 info lifecycle TaxiApp@0.0.1~start: TaxiApp@0.0.1
8 verbose lifecycle TaxiApp@0.0.1~start: unsafe-perm in lifecycle true
9 verbose lifecycle TaxiApp@0.0.1~start: PATH: /usr/lib/node_modules/npm/bin/node-gyp-bin:/home/charles/ReactProjects/TaxiApp/node_modules/.bin:/usr/local/sbin:/usr/local/bin:/usr/sbin:/usr/bin:/sbin:/bin:/snap/bin
10 verbose lifecycle TaxiApp@0.0.1~start: CWD: /home/charles/ReactProjects/TaxiApp
11 silly lifecycle TaxiApp@0.0.1~start: Args: [ '-c',
11 silly lifecycle   'node node_modules/react-native/local-cli/cli.js start' ]
12 silly lifecycle TaxiApp@0.0.1~start: Returned: code: 11  signal: null
13 info lifecycle TaxiApp@0.0.1~start: Failed to exec start script
14 verbose stack Error: TaxiApp@0.0.1 start: `node node_modules/react-native/local-cli/cli.js start`
14 verbose stack Exit status 11
14 verbose stack     at EventEmitter.<anonymous> (/usr/lib/node_modules/npm/lib/utils/lifecycle.js:255:16)
14 verbose stack     at emitTwo (events.js:106:13)
14 verbose stack     at EventEmitter.emit (events.js:191:7)
14 verbose stack     at ChildProcess.<anonymous> (/usr/lib/node_modules/npm/lib/utils/spawn.js:40:14)
14 verbose stack     at emitTwo (events.js:106:13)
14 verbose stack     at ChildProcess.emit (events.js:191:7)
14 verbose stack     at maybeClose (internal/child_process.js:891:16)
14 verbose stack     at Process.ChildProcess._handle.onexit (internal/child_process.js:226:5)
15 verbose pkgid TaxiApp@0.0.1
16 verbose cwd /home/charles/ReactProjects/TaxiApp
17 error Linux 4.8.0-58-generic
18 error argv "/usr/bin/nodejs" "/usr/bin/npm" "start"
19 error node v6.11.0
20 error npm  v3.10.10
21 error code ELIFECYCLE
22 error TaxiApp@0.0.1 start: `node node_modules/react-native/local-cli/cli.js start`
22 error Exit status 11
23 error Failed at the TaxiApp@0.0.1 start script 'node node_modules/react-native/local-cli/cli.js start'.
23 error Make sure you have the latest version of node.js and npm installed.
23 error If you do, this is most likely a problem with the TaxiApp package,
23 error not with npm itself.
23 error Tell the author that this fails on your system:
23 error     node node_modules/react-native/local-cli/cli.js start
23 error You can get information on how to open an issue for this project with:
23 error     npm bugs TaxiApp
23 error Or if that isn't available, you can get their info via:
23 error     npm owner ls TaxiApp
23 error There is likely additional logging output above.
24 verbose exit [ 1, true ]
